<?xml version="1.0" encoding="UTF-8"?>
<testng-results skipped="0" failed="0" ignored="0" total="1" passed="1">
  <reporter-output>
  </reporter-output>
  <suite name="Default suite" duration-ms="3914" started-at="2019-03-24T21:33:33Z" finished-at="2019-03-24T21:33:37Z">
    <groups>
    </groups>
    <test name="Default test" duration-ms="3914" started-at="2019-03-24T21:33:33Z" finished-at="2019-03-24T21:33:37Z">
      <class name="io.codepen.StartGameTest">
        <test-method status="PASS" signature="StartGame()[pri:0, instance:io.codepen.StartGameTest@39aeed2f]" name="StartGame" duration-ms="3872" started-at="2019-03-24T21:33:33Z" finished-at="2019-03-24T21:33:37Z">
          <reporter-output>
          </reporter-output>
        </test-method> <!-- StartGame -->
      </class> <!-- io.codepen.StartGameTest -->
    </test> <!-- Default test -->
  </suite> <!-- Default suite -->
</testng-results>
